<?xml version="1.0" encoding="UTF-8"?>
<!-- Generated by org.testng.reporters.JUnitReportReporter -->
<testsuite hostname="sunghoon-5420" failures="0" tests="2" name="tests.TestExamples" time="0.828" errors="0" timestamp="2022-03-28T16:33:40 KST" skipped="0">
  <testcase classname="tests.TestExamples" name="test_1" time="0.225"/>
  <system-out/>
  <testcase classname="tests.TestExamples" name="test_2" time="0.603"/>
  <system-out/>
</testsuite> <!-- tests.TestExamples -->
