<?xml version="1.0" encoding="UTF-8"?>
<!-- Generated by org.testng.reporters.JUnitReportReporter -->
<testsuite hostname="sunghoon-5420" failures="0" tests="1" name="tests.SoapXMLRequest" time="2.164" errors="0" timestamp="2022-04-07T15:47:51 KST" skipped="0">
  <testcase classname="tests.SoapXMLRequest" name="validateSoapXML" time="2.164"/>
  <system-out/>
</testsuite> <!-- tests.SoapXMLRequest -->
