<?xml version="1.0" encoding="UTF-8"?>
<!-- Generated by org.testng.reporters.JUnitReportReporter -->
<testsuite hostname="sunghoon-5420" failures="0" tests="3" name="tests.PutPatchDeleteExamples" time="3.347" errors="0" timestamp="2022-03-28T16:40:14 KST" skipped="0">
  <testcase classname="tests.PutPatchDeleteExamples" name="testDelete" time="1.782"/>
  <system-out/>
  <testcase classname="tests.PutPatchDeleteExamples" name="testPut" time="0.704"/>
  <system-out/>
  <testcase classname="tests.PutPatchDeleteExamples" name="testPatch" time="0.861"/>
  <system-out/>
</testsuite> <!-- tests.PutPatchDeleteExamples -->
