<?xml version="1.0" encoding="UTF-8"?>
<!-- Generated by org.testng.reporters.JUnitReportReporter -->
<testsuite hostname="sunghoon-5420" failures="0" tests="1" name="tests.GetAndPostExamples" time="0.727" errors="0" timestamp="2022-03-28T16:33:40 KST" skipped="0">
  <testcase classname="tests.GetAndPostExamples" name="testPost" time="0.727"/>
  <system-out/>
</testsuite> <!-- tests.GetAndPostExamples -->
