<?xml version="1.0" encoding="UTF-8"?>
<!-- Generated by org.testng.reporters.JUnitReportReporter -->
<testsuite hostname="sunghoon-5420" failures="0" tests="1" name="tests.TestsOnLocalAPI" time="0.851" errors="0" timestamp="2022-04-01T10:57:10 KST" skipped="0">
  <testcase classname="tests.TestsOnLocalAPI" name="delete" time="0.851"/>
  <system-out/>
</testsuite> <!-- tests.TestsOnLocalAPI -->
